# JRE version: OpenJDK Runtime Environment Temurin-21.0.4+7 (21.0.4+7) (build 21.0.4+7-LTS)
# Java VM: OpenJDK 64-Bit Server VM Temurin-21.0.4+7 (21.0.4+7-LTS, mixed mode, emulated-client, tiered, compressed oops, compressed class ptrs, g1 gc, windows-amd64)
GC Precious Log:
 CardTable entry size: 512
 Card Set container configuration: InlinePtr #cards 4 size 8 Array Of Cards #cards 16 size 48 Howl #buckets 8 coarsen threshold 3686 Howl Bitmap #cards 512 size 80 coarsen threshold 460 Card regions per heap region 1 cards per card region 4096
 CPUs: 8 total, 8 available
 Memory: 16118M
 Large Page Support: Disabled
 NUMA Support: Disabled
 Compressed Oops: Enabled (Zero based)
 Heap Region Size: 2M
 Heap Min Capacity: 8M
 Heap Initial Capacity: 252M
 Heap Max Capacity: 4030M
 Pre-touch: Disabled
 Parallel Workers: 8
 Concurrent Workers: 2
 Concurrent Refinement Workers: 8
 Periodic GC: Disabled
Heap:
 garbage-first heap   total 102400K, used 87127K [0x0000000704200000, 0x0000000800000000)
  region size 2048K, 26 young (53248K), 1 survivors (2048K)
 Metaspace       used 91875K, committed 93568K, reserved 1179648K
  class space    used 12198K, committed 12864K, reserved 1048576K
GC Heap History (20 events):
Event: 5731.067 GC heap before
{Heap before GC invocations=204 (full 37):
 garbage-first heap   total 102400K, used 86861K [0x0000000704200000, 0x0000000800000000)
  region size 2048K, 28 young (57344K), 3 survivors (6144K)
 Metaspace       used 92155K, committed 93376K, reserved 1179648K
  class space    used 12248K, committed 12864K, reserved 1048576K
}
Event: 5731.071 GC heap after
{Heap after GC invocations=205 (full 37):
 garbage-first heap   total 102400K, used 37615K [0x0000000704200000, 0x0000000800000000)
  region size 2048K, 2 young (4096K), 2 survivors (4096K)
 Metaspace       used 92155K, committed 93376K, reserved 1179648K
  class space    used 12248K, committed 12864K, reserved 1048576K
}
Event: 5777.372 GC heap before
{Heap before GC invocations=205 (full 37):
 garbage-first heap   total 102400K, used 70383K [0x0000000704200000, 0x0000000800000000)
  region size 2048K, 19 young (38912K), 2 survivors (4096K)
 Metaspace       used 92158K, committed 93376K, reserved 1179648K
  class space    used 12248K, committed 12864K, reserved 1048576K
}
Event: 5777.421 GC heap after
{Heap after GC invocations=206 (full 38):
 garbage-first heap   total 102400K, used 31316K [0x0000000704200000, 0x0000000800000000)
  region size 2048K, 0 young (0K), 0 survivors (0K)
 Metaspace       used 91321K, committed 93184K, reserved 1179648K
  class space    used 12173K, committed 12864K, reserved 1048576K
}
Event: 5778.548 GC heap before
{Heap before GC invocations=206 (full 38):
 garbage-first heap   total 102400K, used 86612K [0x0000000704200000, 0x0000000800000000)
  region size 2048K, 28 young (57344K), 0 survivors (0K)
 Metaspace       used 91638K, committed 93184K, reserved 1179648K
  class space    used 12209K, committed 12864K, reserved 1048576K
}
Event: 5778.552 GC heap after
{Heap after GC invocations=207 (full 38):
 garbage-first heap   total 102400K, used 36109K [0x0000000704200000, 0x0000000800000000)
  region size 2048K, 3 young (6144K), 3 survivors (6144K)
 Metaspace       used 91638K, committed 93184K, reserved 1179648K
  class space    used 12209K, committed 12864K, reserved 1048576K
}
Event: 5791.986 GC heap before
{Heap before GC invocations=208 (full 38):
 garbage-first heap   total 102400K, used 85261K [0x0000000704200000, 0x0000000800000000)
  region size 2048K, 27 young (55296K), 3 survivors (6144K)
 Metaspace       used 92078K, committed 93312K, reserved 1179648K
  class space    used 12228K, committed 12864K, reserved 1048576K
}
Event: 5791.990 GC heap after
{Heap after GC invocations=209 (full 38):
 garbage-first heap   total 102400K, used 38188K [0x0000000704200000, 0x0000000800000000)
  region size 2048K, 2 young (4096K), 2 survivors (4096K)
 Metaspace       used 92078K, committed 93312K, reserved 1179648K
  class space    used 12228K, committed 12864K, reserved 1048576K
}
Event: 5864.222 GC heap before
{Heap before GC invocations=209 (full 38):
 garbage-first heap   total 102400K, used 87340K [0x0000000704200000, 0x0000000800000000)
  region size 2048K, 26 young (53248K), 2 survivors (4096K)
 Metaspace       used 92088K, committed 93312K, reserved 1179648K
  class space    used 12228K, committed 12864K, reserved 1048576K
}
Event: 5864.225 GC heap after
{Heap after GC invocations=210 (full 38):
 garbage-first heap   total 102400K, used 38152K [0x0000000704200000, 0x0000000800000000)
  region size 2048K, 2 young (4096K), 2 survivors (4096K)
 Metaspace       used 92088K, committed 93312K, reserved 1179648K
  class space    used 12228K, committed 12864K, reserved 1048576K
}
Event: 5865.623 GC heap before
{Heap before GC invocations=210 (full 38):
 garbage-first heap   total 102400K, used 40200K [0x0000000704200000, 0x0000000800000000)
  region size 2048K, 4 young (8192K), 2 survivors (4096K)
 Metaspace       used 92091K, committed 93312K, reserved 1179648K
  class space    used 12229K, committed 12864K, reserved 1048576K
}
Event: 5865.685 GC heap after
{Heap after GC invocations=211 (full 39):
 garbage-first heap   total 102400K, used 28084K [0x0000000704200000, 0x0000000800000000)
  region size 2048K, 0 young (0K), 0 survivors (0K)
 Metaspace       used 91793K, committed 93312K, reserved 1179648K
  class space    used 12188K, committed 12864K, reserved 1048576K
}
Event: 5866.396 GC heap before
{Heap before GC invocations=211 (full 39):
 garbage-first heap   total 102400K, used 85428K [0x0000000704200000, 0x0000000800000000)
  region size 2048K, 29 young (59392K), 0 survivors (0K)
 Metaspace       used 92235K, committed 93312K, reserved 1179648K
  class space    used 12257K, committed 12864K, reserved 1048576K
}
Event: 5866.400 GC heap after
{Heap after GC invocations=212 (full 39):
 garbage-first heap   total 102400K, used 34093K [0x0000000704200000, 0x0000000800000000)
  region size 2048K, 3 young (6144K), 3 survivors (6144K)
 Metaspace       used 92235K, committed 93312K, reserved 1179648K
  class space    used 12257K, committed 12864K, reserved 1048576K
}
Event: 5877.820 GC heap before
{Heap before GC invocations=213 (full 39):
 garbage-first heap   total 102400K, used 85293K [0x0000000704200000, 0x0000000800000000)
  region size 2048K, 28 young (57344K), 3 survivors (6144K)
 Metaspace       used 92836K, committed 93888K, reserved 1179648K
  class space    used 12316K, committed 12864K, reserved 1048576K
}
Event: 5877.829 GC heap after
{Heap after GC invocations=214 (full 39):
 garbage-first heap   total 102400K, used 37520K [0x0000000704200000, 0x0000000800000000)
  region size 2048K, 3 young (6144K), 3 survivors (6144K)
 Metaspace       used 92836K, committed 93888K, reserved 1179648K
  class space    used 12316K, committed 12864K, reserved 1048576K
}
Event: 5944.492 GC heap before
{Heap before GC invocations=214 (full 39):
 garbage-first heap   total 102400K, used 82576K [0x0000000704200000, 0x0000000800000000)
  region size 2048K, 25 young (51200K), 3 survivors (6144K)
 Metaspace       used 92836K, committed 93888K, reserved 1179648K
  class space    used 12316K, committed 12864K, reserved 1048576K
}
Event: 5944.495 GC heap after
{Heap after GC invocations=215 (full 39):
 garbage-first heap   total 102400K, used 38114K [0x0000000704200000, 0x0000000800000000)
  region size 2048K, 1 young (2048K), 1 survivors (2048K)
 Metaspace       used 92836K, committed 93888K, reserved 1179648K
  class space    used 12316K, committed 12864K, reserved 1048576K
}
Event: 6015.789 GC heap before
{Heap before GC invocations=215 (full 39):
 garbage-first heap   total 102400K, used 87266K [0x0000000704200000, 0x0000000800000000)
  region size 2048K, 25 young (51200K), 1 survivors (2048K)
 Metaspace       used 92840K, committed 93888K, reserved 1179648K
  class space    used 12316K, committed 12864K, reserved 1048576K
}
Event: 6015.791 GC heap after
{Heap after GC invocations=216 (full 39):
 garbage-first heap   total 102400K, used 37975K [0x0000000704200000, 0x0000000800000000)
  region size 2048K, 1 young (2048K), 1 survivors (2048K)
 Metaspace       used 92840K, committed 93888K, reserved 1179648K
  class space    used 12316K, committed 12864K, reserved 1048576K
}

